\BOOKMARK [1][-]{section.1}{\376\377\000I\000n\000t\000r\000o\000d\000u\000c\000t\000i\000o\000n}{}% 1
\BOOKMARK [1][-]{section.2}{\376\377\000R\000e\000p\000r\000e\000s\000e\000n\000t\000a\000t\000i\000o\000n\000\040\000E\000n\000g\000i\000n\000e\000e\000r\000i\000n\000g\000\040\000P\000r\000o\000b\000l\000e\000m}{}% 2
\BOOKMARK [1][-]{section.3}{\376\377\000R\000e\000p\000r\000e\000s\000e\000n\000t\000a\000t\000i\000o\000n\000\040\000R\000e\000a\000d\000i\000n\000g}{}% 3
\BOOKMARK [2][-]{subsection.3.1}{\376\377\000C\000l\000a\000s\000s\000i\000f\000i\000e\000r}{section.3}% 4
\BOOKMARK [2][-]{subsection.3.2}{\376\377\000D\000e\000t\000e\000c\000t\000i\000o\000n\000\040\000H\000a\000n\000d\000l\000i\000n\000g\000\040\000M\000e\000t\000h\000o\000d}{section.3}% 5
\BOOKMARK [1][-]{section.4}{\376\377\000R\000e\000p\000r\000e\000s\000e\000n\000t\000a\000t\000i\000o\000n\000\040\000C\000o\000n\000t\000r\000o\000l}{}% 6
\BOOKMARK [2][-]{subsection.4.1}{\376\377\000C\000l\000a\000s\000s\000i\000f\000i\000e\000r}{section.4}% 7
\BOOKMARK [1][-]{appendix.A}{\376\377\000W\000i\000s\000e\000n\000t\000\040\000P\000r\000i\000m\000i\000t\000i\000v\000e\000s}{}% 8
\BOOKMARK [2][-]{subsection.A.1}{\376\377\000M\000o\000d\000e\000l}{appendix.A}% 9
\BOOKMARK [2][-]{subsection.A.2}{\376\377\000C\000o\000n\000t\000r\000a\000s\000t\000i\000v\000e\000\040\000P\000a\000i\000r}{appendix.A}% 10
\BOOKMARK [2][-]{subsection.A.3}{\376\377\000A\000c\000t\000i\000v\000a\000t\000i\000o\000n\000s}{appendix.A}% 11
\BOOKMARK [2][-]{subsection.A.4}{\376\377\000A\000c\000t\000i\000v\000a\000t\000i\000o\000n\000\040\000C\000o\000l\000l\000e\000c\000t\000i\000o\000n\000\040\000M\000e\000t\000h\000o\000d}{appendix.A}% 12
\BOOKMARK [2][-]{subsection.A.5}{\376\377\000A\000d\000d\000i\000t\000i\000o\000n\000a\000l\000\040\000U\000t\000i\000l\000i\000t\000i\000e\000s}{appendix.A}% 13
\BOOKMARK [1][-]{appendix.B}{\376\377\000R\000e\000p\000r\000e\000s\000e\000n\000t\000a\000t\000i\000o\000n\000\040\000R\000e\000a\000d\000i\000n\000g\000\040\000F\000u\000n\000c\000t\000i\000o\000n\000a\000l\000i\000t\000i\000e\000s}{}% 14
\BOOKMARK [2][-]{subsection.B.1}{\376\377\000C\000l\000a\000s\000s\000i\000f\000i\000e\000r}{appendix.B}% 15
\BOOKMARK [2][-]{subsection.B.2}{\376\377\000D\000e\000t\000e\000c\000t\000i\000o\000n\000\040\000H\000a\000n\000d\000l\000i\000n\000g\000\040\000M\000e\000t\000h\000o\000d}{appendix.B}% 16
\BOOKMARK [1][-]{appendix.C}{\376\377\000R\000e\000p\000r\000e\000s\000e\000n\000t\000a\000t\000i\000o\000n\000\040\000C\000o\000n\000t\000r\000o\000l\000\040\000F\000u\000n\000c\000t\000i\000o\000n\000a\000l\000i\000t\000i\000e\000s}{}% 17
\BOOKMARK [1][-]{appendix.D}{\376\377\000A\000b\000l\000a\000t\000i\000o\000n}{}% 18
\BOOKMARK [1][-]{appendix.A}{\376\377\000A\000l\000l\000\040\000s\000u\000p\000p\000o\000r\000t\000e\000d\000\040\000b\000e\000n\000c\000h\000m\000a\000r\000k\000s}{}% 19
\BOOKMARK [1][-]{appendix.B}{\376\377\000P\000e\000r\000-\000T\000a\000s\000k\000\040\000R\000e\000s\000u\000l\000t\000s}{}% 20
\BOOKMARK [1][-]{appendix.C}{\376\377\000D\000e\000t\000a\000i\000l\000e\000d\000\040\000C\000l\000a\000s\000s\000i\000f\000i\000c\000a\000t\000i\000o\000n\000\040\000R\000e\000s\000u\000l\000t\000s}{}% 21
\BOOKMARK [1][-]{appendix.D}{\376\377\000B\000e\000n\000c\000h\000m\000a\000r\000k\000-\000A\000i\000d\000e\000d\000\040\000S\000t\000e\000e\000r\000i\000n\000g\000\040\000R\000e\000s\000u\000l\000t\000s}{}% 22
\BOOKMARK [1][-]{appendix.E}{\376\377\000O\000p\000t\000i\000m\000a\000l\000\040\000S\000a\000m\000p\000l\000e\000\040\000S\000i\000z\000e\000\040\000C\000a\000l\000c\000u\000l\000a\000t\000i\000o\000n\000s}{}% 23
\BOOKMARK [1][-]{appendix.F}{\376\377\000F\000u\000l\000l\000y\000\040\000S\000y\000n\000t\000h\000e\000t\000h\000i\000c\000\040\000G\000e\000n\000e\000r\000a\000t\000i\000o\000n}{}% 24
\BOOKMARK [1][-]{appendix.G}{\376\377\000A\000g\000e\000n\000t\000i\000c\000\040\000C\000a\000p\000a\000b\000i\000l\000i\000t\000i\000e\000s}{}% 25
